e:\code\cpp\project\tdgame\tdgame\x64\release\vc143.pdb
e:\code\cpp\project\tdgame\tdgame\x64\release\cjson.obj
e:\code\cpp\project\tdgame\tdgame\x64\release\main.obj
e:\code\cpp\project\tdgame\x64\release\tdgame.exe
e:\code\cpp\project\tdgame\x64\release\tdgame.pdb
e:\code\cpp\project\tdgame\tdgame\x64\release\tdgame.res
e:\code\cpp\project\tdgame\x64\release\tdgame.lib
e:\code\cpp\project\tdgame\x64\release\tdgame.exp
e:\code\cpp\project\tdgame\tdgame\x64\release\tdgame.ipdb
e:\code\cpp\project\tdgame\tdgame\x64\release\tdgame.iobj
e:\code\cpp\project\tdgame\tdgame\x64\release\tdgame.tlog\cl.command.1.tlog
e:\code\cpp\project\tdgame\tdgame\x64\release\tdgame.tlog\cl.items.tlog
e:\code\cpp\project\tdgame\tdgame\x64\release\tdgame.tlog\cl.read.1.tlog
e:\code\cpp\project\tdgame\tdgame\x64\release\tdgame.tlog\cl.write.1.tlog
e:\code\cpp\project\tdgame\tdgame\x64\release\tdgame.tlog\link.command.1.tlog
e:\code\cpp\project\tdgame\tdgame\x64\release\tdgame.tlog\link.read.1.tlog
e:\code\cpp\project\tdgame\tdgame\x64\release\tdgame.tlog\link.secondary.1.tlog
e:\code\cpp\project\tdgame\tdgame\x64\release\tdgame.tlog\link.write.1.tlog
e:\code\cpp\project\tdgame\tdgame\x64\release\tdgame.tlog\rc.command.1.tlog
e:\code\cpp\project\tdgame\tdgame\x64\release\tdgame.tlog\rc.read.1.tlog
e:\code\cpp\project\tdgame\tdgame\x64\release\tdgame.tlog\rc.write.1.tlog
