e:\code\cpp\win_socket\win_socket\x64\debug\vc143.pdb
e:\code\cpp\win_socket\win_socket\x64\debug\vc143.idb
e:\code\cpp\win_socket\win_socket\x64\debug\hello_server_win.obj
e:\code\cpp\win_socket\win_socket\x64\debug\hello_client_win.obj
e:\code\cpp\win_socket\win_socket\x64\debug\win_socket.ilk
e:\code\cpp\win_socket\x64\debug\win_socket.pdb
e:\code\cpp\win_socket\win_socket\x64\debug\win_socket.tlog\cl.command.1.tlog
e:\code\cpp\win_socket\win_socket\x64\debug\win_socket.tlog\cl.items.tlog
e:\code\cpp\win_socket\win_socket\x64\debug\win_socket.tlog\cl.read.1.tlog
e:\code\cpp\win_socket\win_socket\x64\debug\win_socket.tlog\cl.write.1.tlog
e:\code\cpp\win_socket\win_socket\x64\debug\win_socket.tlog\link.1812-cvtres.read.1.tlog
e:\code\cpp\win_socket\win_socket\x64\debug\win_socket.tlog\link.1812-cvtres.write.1.tlog
e:\code\cpp\win_socket\win_socket\x64\debug\win_socket.tlog\link.1812-rc.read.1.tlog
e:\code\cpp\win_socket\win_socket\x64\debug\win_socket.tlog\link.1812-rc.write.1.tlog
e:\code\cpp\win_socket\win_socket\x64\debug\win_socket.tlog\link.1812.read.1.tlog
e:\code\cpp\win_socket\win_socket\x64\debug\win_socket.tlog\link.1812.read.2.tlog
e:\code\cpp\win_socket\win_socket\x64\debug\win_socket.tlog\link.1812.write.1.tlog
e:\code\cpp\win_socket\win_socket\x64\debug\win_socket.tlog\link.command.1.tlog
e:\code\cpp\win_socket\win_socket\x64\debug\win_socket.tlog\link.read.1.tlog
e:\code\cpp\win_socket\win_socket\x64\debug\win_socket.tlog\link.secondary.1.tlog
e:\code\cpp\win_socket\win_socket\x64\debug\win_socket.tlog\link.write.1.tlog
